-------------------------------------------------------------------------------
Test set: springAPI.caballeros.CaballerosApplicationTests
-------------------------------------------------------------------------------
Tests run: 1, Failures: 0, Errors: 1, Skipped: 0, Time elapsed: 0.494 s <<< FAILURE! - in springAPI.caballeros.CaballerosApplicationTests
springAPI.caballeros.CaballerosApplicationTests  Time elapsed: 0.488 s  <<< ERROR!
java.lang.IllegalStateException: Unable to find a @SpringBootConfiguration, you need to use @ContextConfiguration or @SpringBootTest(classes=...) with your test

